c:\users\tongm\onedrive\documents\github\api_prototype\api_proto\debug\vc142.pdb
c:\users\tongm\onedrive\documents\github\api_prototype\api_proto\debug\vc142.idb
c:\users\tongm\onedrive\documents\github\api_prototype\api_proto\debug\src.obj
c:\users\tongm\onedrive\documents\github\api_prototype\api_proto\debug\windowscreen.obj
c:\users\tongm\onedrive\documents\github\api_prototype\api_proto\debug\weapon.obj
c:\users\tongm\onedrive\documents\github\api_prototype\api_proto\debug\resol.obj
c:\users\tongm\onedrive\documents\github\api_prototype\api_proto\debug\proj.obj
c:\users\tongm\onedrive\documents\github\api_prototype\api_proto\debug\map.obj
c:\users\tongm\onedrive\documents\github\api_prototype\api_proto\debug\enemy.obj
c:\users\tongm\onedrive\documents\github\api_prototype\api_proto\debug\chara.obj
c:\users\tongm\onedrive\documents\github\api_prototype\api_proto\debug\pathfinder.obj
c:\users\tongm\onedrive\documents\github\api_prototype\api_proto\debug\cord.obj
c:\users\tongm\onedrive\documents\github\api_prototype\debug\api_proto.pdb
c:\users\tongm\onedrive\documents\github\api_prototype\api_proto\debug\api_proto.tlog\cl.command.1.tlog
c:\users\tongm\onedrive\documents\github\api_prototype\api_proto\debug\api_proto.tlog\cl.read.1.tlog
c:\users\tongm\onedrive\documents\github\api_prototype\api_proto\debug\api_proto.tlog\cl.write.1.tlog
c:\users\tongm\onedrive\documents\github\api_prototype\api_proto\debug\api_proto.tlog\link.4560-cvtres.read.1.tlog
c:\users\tongm\onedrive\documents\github\api_prototype\api_proto\debug\api_proto.tlog\link.4560-cvtres.write.1.tlog
c:\users\tongm\onedrive\documents\github\api_prototype\api_proto\debug\api_proto.tlog\link.4560-rc.read.1.tlog
c:\users\tongm\onedrive\documents\github\api_prototype\api_proto\debug\api_proto.tlog\link.4560-rc.write.1.tlog
c:\users\tongm\onedrive\documents\github\api_prototype\api_proto\debug\api_proto.tlog\link.4560.read.1.tlog
c:\users\tongm\onedrive\documents\github\api_prototype\api_proto\debug\api_proto.tlog\link.4560.write.1.tlog
c:\users\tongm\onedrive\documents\github\api_prototype\api_proto\debug\api_proto.tlog\link.command.1.tlog
c:\users\tongm\onedrive\documents\github\api_prototype\api_proto\debug\api_proto.tlog\link.read.1.tlog
c:\users\tongm\onedrive\documents\github\api_prototype\api_proto\debug\api_proto.tlog\link.write.1.tlog
