  Chara.cpp
C:\Users\신민수\Desktop\두견\Api_Proto\Chara.cpp(6,16): warning C4244: '=': 'int'에서 'float'(으)로 변환하면서 데이터가 손실될 수 있습니다.
C:\Users\신민수\Desktop\두견\Api_Proto\Chara.cpp(7,16): warning C4244: '=': 'int'에서 'float'(으)로 변환하면서 데이터가 손실될 수 있습니다.
C:\Users\신민수\Desktop\두견\Api_Proto\Chara.cpp(12,19): warning C4305: '=': 'double'에서 'float'(으)로 잘립니다.
C:\Users\신민수\Desktop\두견\Api_Proto\Chara.cpp(22,59): warning C4244: '인수': 'float'에서 'int'(으)로 변환하면서 데이터가 손실될 수 있습니다.
C:\Users\신민수\Desktop\두견\Api_Proto\Chara.cpp(22,46): warning C4244: '인수': 'float'에서 'int'(으)로 변환하면서 데이터가 손실될 수 있습니다.
C:\Users\신민수\Desktop\두견\Api_Proto\Chara.cpp(22,34): warning C4244: '인수': 'float'에서 'int'(으)로 변환하면서 데이터가 손실될 수 있습니다.
C:\Users\신민수\Desktop\두견\Api_Proto\Chara.cpp(22,24): warning C4244: '인수': 'float'에서 'int'(으)로 변환하면서 데이터가 손실될 수 있습니다.
C:\Users\신민수\Desktop\두견\Api_Proto\Chara.cpp(61,74): warning C4244: '인수': 'float'에서 'int'(으)로 변환하면서 데이터가 손실될 수 있습니다.
C:\Users\신민수\Desktop\두견\Api_Proto\Chara.cpp(61,57): warning C4244: '인수': 'float'에서 'int'(으)로 변환하면서 데이터가 손실될 수 있습니다.
C:\Users\신민수\Desktop\두견\Api_Proto\Chara.cpp(61,41): warning C4244: '인수': 'float'에서 'int'(으)로 변환하면서 데이터가 손실될 수 있습니다.
C:\Users\신민수\Desktop\두견\Api_Proto\Chara.cpp(61,27): warning C4244: '인수': 'float'에서 'int'(으)로 변환하면서 데이터가 손실될 수 있습니다.
C:\Users\신민수\Desktop\두견\Api_Proto\Chara.cpp(69,10): warning C4244: '=': 'double'에서 'float'(으)로 변환하면서 데이터가 손실될 수 있습니다.
C:\Users\신민수\Desktop\두견\Api_Proto\Chara.cpp(80,12): warning C4244: '=': 'int'에서 'float'(으)로 변환하면서 데이터가 손실될 수 있습니다.
C:\Users\신민수\Desktop\두견\Api_Proto\Chara.cpp(81,12): warning C4244: '=': 'int'에서 'float'(으)로 변환하면서 데이터가 손실될 수 있습니다.
  Map.cpp
C:\Users\신민수\Desktop\두견\Api_Proto\Map.cpp(143,14): warning C4244: '초기화 중': 'float'에서 'int'(으)로 변환하면서 데이터가 손실될 수 있습니다.
C:\Users\신민수\Desktop\두견\Api_Proto\Map.cpp(144,14): warning C4244: '초기화 중': 'float'에서 'int'(으)로 변환하면서 데이터가 손실될 수 있습니다.
C:\Users\신민수\Desktop\두견\Api_Proto\Map.cpp(150,78): warning C4244: '=': 'int'에서 'float'(으)로 변환하면서 데이터가 손실될 수 있습니다.
C:\Users\신민수\Desktop\두견\Api_Proto\Map.cpp(157,78): warning C4244: '=': 'int'에서 'float'(으)로 변환하면서 데이터가 손실될 수 있습니다.
C:\Users\신민수\Desktop\두견\Api_Proto\Map.cpp(165,78): warning C4244: '=': 'int'에서 'float'(으)로 변환하면서 데이터가 손실될 수 있습니다.
C:\Users\신민수\Desktop\두견\Api_Proto\Map.cpp(170,59): warning C4244: '=': 'float'에서 'int'(으)로 변환하면서 데이터가 손실될 수 있습니다.
C:\Users\신민수\Desktop\두견\Api_Proto\Map.cpp(173,72): warning C4244: '=': 'int'에서 'float'(으)로 변환하면서 데이터가 손실될 수 있습니다.
C:\Users\신민수\Desktop\두견\Api_Proto\Map.cpp(179,57): warning C4244: '=': 'float'에서 'int'(으)로 변환하면서 데이터가 손실될 수 있습니다.
C:\Users\신민수\Desktop\두견\Api_Proto\Map.cpp(185,73): warning C4244: '=': 'int'에서 'float'(으)로 변환하면서 데이터가 손실될 수 있습니다.
C:\Users\신민수\Desktop\두견\Api_Proto\Map.cpp(194,78): warning C4244: '=': 'int'에서 'float'(으)로 변환하면서 데이터가 손실될 수 있습니다.
C:\Users\신민수\Desktop\두견\Api_Proto\Map.cpp(199,59): warning C4244: '=': 'float'에서 'int'(으)로 변환하면서 데이터가 손실될 수 있습니다.
C:\Users\신민수\Desktop\두견\Api_Proto\Map.cpp(203,72): warning C4244: '=': 'int'에서 'float'(으)로 변환하면서 데이터가 손실될 수 있습니다.
C:\Users\신민수\Desktop\두견\Api_Proto\Map.cpp(212,77): warning C4244: '=': 'int'에서 'float'(으)로 변환하면서 데이터가 손실될 수 있습니다.
C:\Users\신민수\Desktop\두견\Api_Proto\Map.cpp(217,58): warning C4244: '=': 'float'에서 'int'(으)로 변환하면서 데이터가 손실될 수 있습니다.
C:\Users\신민수\Desktop\두견\Api_Proto\Map.cpp(221,71): warning C4244: '=': 'int'에서 'float'(으)로 변환하면서 데이터가 손실될 수 있습니다.
C:\Users\신민수\Desktop\두견\Api_Proto\Map.cpp(254,44): warning C4244: '+=': 'double'에서 'float'(으)로 변환하면서 데이터가 손실될 수 있습니다.
C:\Users\신민수\Desktop\두견\Api_Proto\Map.cpp(255,29): warning C4244: '=': 'double'에서 'int'(으)로 변환하면서 데이터가 손실될 수 있습니다.
  src.cpp
C:\Users\신민수\Desktop\두견\Api_Proto\src.cpp(58,73): warning C4244: '인수': 'float'에서 'int'(으)로 변환하면서 데이터가 손실될 수 있습니다.
C:\Users\신민수\Desktop\두견\Api_Proto\src.cpp(72,68): warning C4244: '인수': 'float'에서 'int'(으)로 변환하면서 데이터가 손실될 수 있습니다.
C:\Users\신민수\Desktop\두견\Api_Proto\src.cpp(72,43): warning C4244: '인수': 'float'에서 'int'(으)로 변환하면서 데이터가 손실될 수 있습니다.
C:\Users\신민수\Desktop\두견\Api_Proto\src.cpp(82,49): warning C4244: '=': 'int'에서 'float'(으)로 변환하면서 데이터가 손실될 수 있습니다.
C:\Users\신민수\Desktop\두견\Api_Proto\src.cpp(86,49): warning C4244: '=': 'int'에서 'float'(으)로 변환하면서 데이터가 손실될 수 있습니다.
C:\Users\신민수\Desktop\두견\Api_Proto\src.cpp(91,39): warning C4244: '=': 'int'에서 'float'(으)로 변환하면서 데이터가 손실될 수 있습니다.
C:\Users\신민수\Desktop\두견\Api_Proto\src.cpp(95,39): warning C4244: '=': 'int'에서 'float'(으)로 변환하면서 데이터가 손실될 수 있습니다.
  코드를 생성하고 있습니다...
  Api_Proto.vcxproj -> C:\Users\신민수\Desktop\두견\Debug\Api_Proto.exe
